# JRE version: OpenJDK Runtime Environment Temurin-21.0.9+10 (21.0.9+10) (build 21.0.9+10-LTS)
# Java VM: OpenJDK 64-Bit Server VM Temurin-21.0.9+10 (21.0.9+10-LTS, mixed mode, sharing, tiered, compressed oops, compressed class ptrs, parallel gc, windows-amd64)
GC Precious Log:
 CardTable entry size: 512
 CPUs: 6 total, 6 available
 Memory: 16188M
 Large Page Support: Disabled
 NUMA Support: Disabled
 Compressed Oops: Enabled (32-bit)
 Alignments: Space 512K, Generation 512K, Heap 2M
 Heap Min Capacity: 100M
 Heap Initial Capacity: 100M
 Heap Max Capacity: 2G
 Pre-touch: Disabled
 Parallel Workers: 6
Heap:
 PSYoungGen      total 16896K, used 9139K [0x00000000d5580000, 0x00000000d7080000, 0x0000000100000000)
  eden space 15872K, 52% used [0x00000000d5580000,0x00000000d5da4eb0,0x00000000d6500000)
  from space 1024K, 78% used [0x00000000d6e80000,0x00000000d6f48000,0x00000000d6f80000)
  to   space 1024K, 0% used [0x00000000d6f80000,0x00000000d6f80000,0x00000000d7080000)
 ParOldGen       total 115200K, used 114829K [0x0000000080000000, 0x0000000087080000, 0x00000000d5580000)
  object space 115200K, 99% used [0x0000000080000000,0x00000000870234d0,0x0000000087080000)
 Metaspace       used 72143K, committed 73792K, reserved 1114112K
  class space    used 9016K, committed 9728K, reserved 1048576K
GC Heap History (20 events):
Event: 223.188 GC heap before
{Heap before GC invocations=125 (full 3):
 PSYoungGen      total 16384K, used 16032K [0x00000000d5580000, 0x00000000d7080000, 0x0000000100000000)
  eden space 15872K, 100% used [0x00000000d5580000,0x00000000d6500000,0x00000000d6500000)
  from space 512K, 31% used [0x00000000d6f80000,0x00000000d6fa8000,0x00000000d7000000)
  to   space 512K, 0% used [0x00000000d7000000,0x00000000d7000000,0x00000000d7080000)
 ParOldGen       total 113152K, used 112997K [0x0000000080000000, 0x0000000086e80000, 0x00000000d5580000)
  object space 113152K, 99% used [0x0000000080000000,0x0000000086e59780,0x0000000086e80000)
 Metaspace       used 71356K, committed 72960K, reserved 1114112K
  class space    used 8927K, committed 9664K, reserved 1048576K
}
Event: 223.188 GC heap after
{Heap after GC invocations=125 (full 3):
 PSYoungGen      total 16384K, used 160K [0x00000000d5580000, 0x00000000d7080000, 0x0000000100000000)
  eden space 15872K, 0% used [0x00000000d5580000,0x00000000d5580000,0x00000000d6500000)
  from space 512K, 31% used [0x00000000d7000000,0x00000000d7028000,0x00000000d7080000)
  to   space 512K, 0% used [0x00000000d6f80000,0x00000000d6f80000,0x00000000d7000000)
 ParOldGen       total 113152K, used 113045K [0x0000000080000000, 0x0000000086e80000, 0x00000000d5580000)
  object space 113152K, 99% used [0x0000000080000000,0x0000000086e65780,0x0000000086e80000)
 Metaspace       used 71356K, committed 72960K, reserved 1114112K
  class space    used 8927K, committed 9664K, reserved 1048576K
}
Event: 229.992 GC heap before
{Heap before GC invocations=126 (full 3):
 PSYoungGen      total 16384K, used 16031K [0x00000000d5580000, 0x00000000d7080000, 0x0000000100000000)
  eden space 15872K, 99% used [0x00000000d5580000,0x00000000d64fffb0,0x00000000d6500000)
  from space 512K, 31% used [0x00000000d7000000,0x00000000d7028000,0x00000000d7080000)
  to   space 512K, 0% used [0x00000000d6f80000,0x00000000d6f80000,0x00000000d7000000)
 ParOldGen       total 113152K, used 113045K [0x0000000080000000, 0x0000000086e80000, 0x00000000d5580000)
  object space 113152K, 99% used [0x0000000080000000,0x0000000086e65780,0x0000000086e80000)
 Metaspace       used 71383K, committed 72960K, reserved 1114112K
  class space    used 8933K, committed 9664K, reserved 1048576K
}
Event: 229.993 GC heap after
{Heap after GC invocations=126 (full 3):
 PSYoungGen      total 16384K, used 494K [0x00000000d5580000, 0x00000000d7080000, 0x0000000100000000)
  eden space 15872K, 0% used [0x00000000d5580000,0x00000000d5580000,0x00000000d6500000)
  from space 512K, 96% used [0x00000000d6f80000,0x00000000d6ffb838,0x00000000d7000000)
  to   space 512K, 0% used [0x00000000d7000000,0x00000000d7000000,0x00000000d7080000)
 ParOldGen       total 113664K, used 113344K [0x0000000080000000, 0x0000000086f00000, 0x00000000d5580000)
  object space 113664K, 99% used [0x0000000080000000,0x0000000086eb0360,0x0000000086f00000)
 Metaspace       used 71383K, committed 72960K, reserved 1114112K
  class space    used 8933K, committed 9664K, reserved 1048576K
}
Event: 230.564 GC heap before
{Heap before GC invocations=127 (full 3):
 PSYoungGen      total 16384K, used 16366K [0x00000000d5580000, 0x00000000d7080000, 0x0000000100000000)
  eden space 15872K, 100% used [0x00000000d5580000,0x00000000d6500000,0x00000000d6500000)
  from space 512K, 96% used [0x00000000d6f80000,0x00000000d6ffb838,0x00000000d7000000)
  to   space 512K, 0% used [0x00000000d7000000,0x00000000d7000000,0x00000000d7080000)
 ParOldGen       total 113664K, used 113344K [0x0000000080000000, 0x0000000086f00000, 0x00000000d5580000)
  object space 113664K, 99% used [0x0000000080000000,0x0000000086eb0360,0x0000000086f00000)
 Metaspace       used 71579K, committed 73152K, reserved 1114112K
  class space    used 8954K, committed 9664K, reserved 1048576K
}
Event: 230.564 GC heap after
{Heap after GC invocations=127 (full 3):
 PSYoungGen      total 16384K, used 288K [0x00000000d5580000, 0x00000000d7080000, 0x0000000100000000)
  eden space 15872K, 0% used [0x00000000d5580000,0x00000000d5580000,0x00000000d6500000)
  from space 512K, 56% used [0x00000000d7000000,0x00000000d7048000,0x00000000d7080000)
  to   space 512K, 0% used [0x00000000d6f80000,0x00000000d6f80000,0x00000000d7000000)
 ParOldGen       total 114176K, used 113730K [0x0000000080000000, 0x0000000086f80000, 0x00000000d5580000)
  object space 114176K, 99% used [0x0000000080000000,0x0000000086f10960,0x0000000086f80000)
 Metaspace       used 71579K, committed 73152K, reserved 1114112K
  class space    used 8954K, committed 9664K, reserved 1048576K
}
Event: 230.963 GC heap before
{Heap before GC invocations=128 (full 3):
 PSYoungGen      total 16384K, used 16160K [0x00000000d5580000, 0x00000000d7080000, 0x0000000100000000)
  eden space 15872K, 100% used [0x00000000d5580000,0x00000000d6500000,0x00000000d6500000)
  from space 512K, 56% used [0x00000000d7000000,0x00000000d7048000,0x00000000d7080000)
  to   space 512K, 0% used [0x00000000d6f80000,0x00000000d6f80000,0x00000000d7000000)
 ParOldGen       total 114176K, used 113730K [0x0000000080000000, 0x0000000086f80000, 0x00000000d5580000)
  object space 114176K, 99% used [0x0000000080000000,0x0000000086f10960,0x0000000086f80000)
 Metaspace       used 71579K, committed 73152K, reserved 1114112K
  class space    used 8954K, committed 9664K, reserved 1048576K
}
Event: 230.964 GC heap after
{Heap after GC invocations=128 (full 3):
 PSYoungGen      total 16384K, used 96K [0x00000000d5580000, 0x00000000d7080000, 0x0000000100000000)
  eden space 15872K, 0% used [0x00000000d5580000,0x00000000d5580000,0x00000000d6500000)
  from space 512K, 18% used [0x00000000d6f80000,0x00000000d6f98000,0x00000000d7000000)
  to   space 512K, 0% used [0x00000000d7000000,0x00000000d7000000,0x00000000d7080000)
 ParOldGen       total 114176K, used 113930K [0x0000000080000000, 0x0000000086f80000, 0x00000000d5580000)
  object space 114176K, 99% used [0x0000000080000000,0x0000000086f42960,0x0000000086f80000)
 Metaspace       used 71579K, committed 73152K, reserved 1114112K
  class space    used 8954K, committed 9664K, reserved 1048576K
}
Event: 231.158 GC heap before
{Heap before GC invocations=129 (full 3):
 PSYoungGen      total 16384K, used 15968K [0x00000000d5580000, 0x00000000d7080000, 0x0000000100000000)
  eden space 15872K, 100% used [0x00000000d5580000,0x00000000d6500000,0x00000000d6500000)
  from space 512K, 18% used [0x00000000d6f80000,0x00000000d6f98000,0x00000000d7000000)
  to   space 512K, 0% used [0x00000000d7000000,0x00000000d7000000,0x00000000d7080000)
 ParOldGen       total 114176K, used 113930K [0x0000000080000000, 0x0000000086f80000, 0x00000000d5580000)
  object space 114176K, 99% used [0x0000000080000000,0x0000000086f42960,0x0000000086f80000)
 Metaspace       used 71579K, committed 73152K, reserved 1114112K
  class space    used 8954K, committed 9664K, reserved 1048576K
}
Event: 231.159 GC heap after
{Heap after GC invocations=129 (full 3):
 PSYoungGen      total 16384K, used 128K [0x00000000d5580000, 0x00000000d7080000, 0x0000000100000000)
  eden space 15872K, 0% used [0x00000000d5580000,0x00000000d5580000,0x00000000d6500000)
  from space 512K, 25% used [0x00000000d7000000,0x00000000d7020000,0x00000000d7080000)
  to   space 512K, 0% used [0x00000000d6f80000,0x00000000d6f80000,0x00000000d7000000)
 ParOldGen       total 114176K, used 113970K [0x0000000080000000, 0x0000000086f80000, 0x00000000d5580000)
  object space 114176K, 99% used [0x0000000080000000,0x0000000086f4c960,0x0000000086f80000)
 Metaspace       used 71579K, committed 73152K, reserved 1114112K
  class space    used 8954K, committed 9664K, reserved 1048576K
}
Event: 231.274 GC heap before
{Heap before GC invocations=130 (full 3):
 PSYoungGen      total 16384K, used 16000K [0x00000000d5580000, 0x00000000d7080000, 0x0000000100000000)
  eden space 15872K, 100% used [0x00000000d5580000,0x00000000d6500000,0x00000000d6500000)
  from space 512K, 25% used [0x00000000d7000000,0x00000000d7020000,0x00000000d7080000)
  to   space 512K, 0% used [0x00000000d6f80000,0x00000000d6f80000,0x00000000d7000000)
 ParOldGen       total 114176K, used 113970K [0x0000000080000000, 0x0000000086f80000, 0x00000000d5580000)
  object space 114176K, 99% used [0x0000000080000000,0x0000000086f4c960,0x0000000086f80000)
 Metaspace       used 71579K, committed 73152K, reserved 1114112K
  class space    used 8954K, committed 9664K, reserved 1048576K
}
Event: 231.274 GC heap after
{Heap after GC invocations=130 (full 3):
 PSYoungGen      total 16384K, used 160K [0x00000000d5580000, 0x00000000d7080000, 0x0000000100000000)
  eden space 15872K, 0% used [0x00000000d5580000,0x00000000d5580000,0x00000000d6500000)
  from space 512K, 31% used [0x00000000d6f80000,0x00000000d6fa8000,0x00000000d7000000)
  to   space 512K, 0% used [0x00000000d7000000,0x00000000d7000000,0x00000000d7080000)
 ParOldGen       total 114176K, used 113994K [0x0000000080000000, 0x0000000086f80000, 0x00000000d5580000)
  object space 114176K, 99% used [0x0000000080000000,0x0000000086f52960,0x0000000086f80000)
 Metaspace       used 71579K, committed 73152K, reserved 1114112K
  class space    used 8954K, committed 9664K, reserved 1048576K
}
Event: 231.388 GC heap before
{Heap before GC invocations=131 (full 3):
 PSYoungGen      total 16384K, used 16032K [0x00000000d5580000, 0x00000000d7080000, 0x0000000100000000)
  eden space 15872K, 100% used [0x00000000d5580000,0x00000000d6500000,0x00000000d6500000)
  from space 512K, 31% used [0x00000000d6f80000,0x00000000d6fa8000,0x00000000d7000000)
  to   space 512K, 0% used [0x00000000d7000000,0x00000000d7000000,0x00000000d7080000)
 ParOldGen       total 114176K, used 113994K [0x0000000080000000, 0x0000000086f80000, 0x00000000d5580000)
  object space 114176K, 99% used [0x0000000080000000,0x0000000086f52960,0x0000000086f80000)
 Metaspace       used 71579K, committed 73152K, reserved 1114112K
  class space    used 8954K, committed 9664K, reserved 1048576K
}
Event: 231.389 GC heap after
{Heap after GC invocations=131 (full 3):
 PSYoungGen      total 16384K, used 192K [0x00000000d5580000, 0x00000000d7080000, 0x0000000100000000)
  eden space 15872K, 0% used [0x00000000d5580000,0x00000000d5580000,0x00000000d6500000)
  from space 512K, 37% used [0x00000000d7000000,0x00000000d7030000,0x00000000d7080000)
  to   space 512K, 0% used [0x00000000d6f80000,0x00000000d6f80000,0x00000000d7000000)
 ParOldGen       total 114176K, used 114002K [0x0000000080000000, 0x0000000086f80000, 0x00000000d5580000)
  object space 114176K, 99% used [0x0000000080000000,0x0000000086f54960,0x0000000086f80000)
 Metaspace       used 71579K, committed 73152K, reserved 1114112K
  class space    used 8954K, committed 9664K, reserved 1048576K
}
Event: 231.562 GC heap before
{Heap before GC invocations=132 (full 3):
 PSYoungGen      total 16384K, used 16064K [0x00000000d5580000, 0x00000000d7080000, 0x0000000100000000)
  eden space 15872K, 100% used [0x00000000d5580000,0x00000000d6500000,0x00000000d6500000)
  from space 512K, 37% used [0x00000000d7000000,0x00000000d7030000,0x00000000d7080000)
  to   space 512K, 0% used [0x00000000d6f80000,0x00000000d6f80000,0x00000000d7000000)
 ParOldGen       total 114176K, used 114002K [0x0000000080000000, 0x0000000086f80000, 0x00000000d5580000)
  object space 114176K, 99% used [0x0000000080000000,0x0000000086f54960,0x0000000086f80000)
 Metaspace       used 71762K, committed 73408K, reserved 1114112K
  class space    used 8970K, committed 9728K, reserved 1048576K
}
Event: 231.563 GC heap after
{Heap after GC invocations=132 (full 3):
 PSYoungGen      total 16384K, used 384K [0x00000000d5580000, 0x00000000d7080000, 0x0000000100000000)
  eden space 15872K, 0% used [0x00000000d5580000,0x00000000d5580000,0x00000000d6500000)
  from space 512K, 75% used [0x00000000d6f80000,0x00000000d6fe0000,0x00000000d7000000)
  to   space 512K, 0% used [0x00000000d7000000,0x00000000d7000000,0x00000000d7080000)
 ParOldGen       total 114176K, used 114010K [0x0000000080000000, 0x0000000086f80000, 0x00000000d5580000)
  object space 114176K, 99% used [0x0000000080000000,0x0000000086f56960,0x0000000086f80000)
 Metaspace       used 71762K, committed 73408K, reserved 1114112K
  class space    used 8970K, committed 9728K, reserved 1048576K
}
Event: 232.307 GC heap before
{Heap before GC invocations=133 (full 3):
 PSYoungGen      total 16384K, used 16256K [0x00000000d5580000, 0x00000000d7080000, 0x0000000100000000)
  eden space 15872K, 100% used [0x00000000d5580000,0x00000000d6500000,0x00000000d6500000)
  from space 512K, 75% used [0x00000000d6f80000,0x00000000d6fe0000,0x00000000d7000000)
  to   space 512K, 0% used [0x00000000d7000000,0x00000000d7000000,0x00000000d7080000)
 ParOldGen       total 114176K, used 114010K [0x0000000080000000, 0x0000000086f80000, 0x00000000d5580000)
  object space 114176K, 99% used [0x0000000080000000,0x0000000086f56960,0x0000000086f80000)
 Metaspace       used 71968K, committed 73600K, reserved 1114112K
  class space    used 8986K, committed 9728K, reserved 1048576K
}
Event: 232.309 GC heap after
{Heap after GC invocations=133 (full 3):
 PSYoungGen      total 16384K, used 512K [0x00000000d5580000, 0x00000000d7080000, 0x0000000100000000)
  eden space 15872K, 0% used [0x00000000d5580000,0x00000000d5580000,0x00000000d6500000)
  from space 512K, 100% used [0x00000000d7000000,0x00000000d7080000,0x00000000d7080000)
  to   space 1024K, 0% used [0x00000000d6e80000,0x00000000d6e80000,0x00000000d6f80000)
 ParOldGen       total 114688K, used 114413K [0x0000000080000000, 0x0000000087000000, 0x00000000d5580000)
  object space 114688K, 99% used [0x0000000080000000,0x0000000086fbb4d0,0x0000000087000000)
 Metaspace       used 71968K, committed 73600K, reserved 1114112K
  class space    used 8986K, committed 9728K, reserved 1048576K
}
Event: 232.614 GC heap before
{Heap before GC invocations=134 (full 3):
 PSYoungGen      total 16384K, used 16384K [0x00000000d5580000, 0x00000000d7080000, 0x0000000100000000)
  eden space 15872K, 100% used [0x00000000d5580000,0x00000000d6500000,0x00000000d6500000)
  from space 512K, 100% used [0x00000000d7000000,0x00000000d7080000,0x00000000d7080000)
  to   space 1024K, 0% used [0x00000000d6e80000,0x00000000d6e80000,0x00000000d6f80000)
 ParOldGen       total 114688K, used 114413K [0x0000000080000000, 0x0000000087000000, 0x00000000d5580000)
  object space 114688K, 99% used [0x0000000080000000,0x0000000086fbb4d0,0x0000000087000000)
 Metaspace       used 72076K, committed 73728K, reserved 1114112K
  class space    used 9001K, committed 9728K, reserved 1048576K
}
Event: 232.616 GC heap after
{Heap after GC invocations=134 (full 3):
 PSYoungGen      total 16896K, used 800K [0x00000000d5580000, 0x00000000d7080000, 0x0000000100000000)
  eden space 15872K, 0% used [0x00000000d5580000,0x00000000d5580000,0x00000000d6500000)
  from space 1024K, 78% used [0x00000000d6e80000,0x00000000d6f48000,0x00000000d6f80000)
  to   space 1024K, 0% used [0x00000000d6f80000,0x00000000d6f80000,0x00000000d7080000)
 ParOldGen       total 115200K, used 114829K [0x0000000080000000, 0x0000000087080000, 0x00000000d5580000)
  object space 115200K, 99% used [0x0000000080000000,0x00000000870234d0,0x0000000087080000)
 Metaspace       used 72076K, committed 73728K, reserved 1114112K
  class space    used 9001K, committed 9728K, reserved 1048576K
}

