# JRE version: OpenJDK Runtime Environment Temurin-21.0.9+10 (21.0.9+10) (build 21.0.9+10-LTS)
# Java VM: OpenJDK 64-Bit Server VM Temurin-21.0.9+10 (21.0.9+10-LTS, mixed mode, sharing, tiered, compressed oops, compressed class ptrs, parallel gc, windows-amd64)
GC Precious Log:
 CardTable entry size: 512
 CPUs: 6 total, 6 available
 Memory: 16188M
 Large Page Support: Disabled
 NUMA Support: Disabled
 Compressed Oops: Enabled (32-bit)
 Alignments: Space 512K, Generation 512K, Heap 2M
 Heap Min Capacity: 100M
 Heap Initial Capacity: 100M
 Heap Max Capacity: 2G
 Pre-touch: Disabled
 Parallel Workers: 6
Heap:
 PSYoungGen      total 4096K, used 3605K [0x00000000d5580000, 0x00000000d5a80000, 0x0000000100000000)
  eden space 3584K, 99% used [0x00000000d5580000,0x00000000d58f7160,0x00000000d5900000)
  from space 512K, 25% used [0x00000000d5980000,0x00000000d59a0000,0x00000000d5a00000)
  to   space 512K, 0% used [0x00000000d5a00000,0x00000000d5a00000,0x00000000d5a80000)
 ParOldGen       total 222720K, used 222310K [0x0000000080000000, 0x000000008d980000, 0x00000000d5580000)
  object space 222720K, 99% used [0x0000000080000000,0x000000008d919810,0x000000008d980000)
 Metaspace       used 77430K, committed 79104K, reserved 1179648K
  class space    used 9440K, committed 10240K, reserved 1048576K
GC Heap History (20 events):
Event: 168.239 GC heap before
{Heap before GC invocations=1086 (full 3):
 PSYoungGen      total 4096K, used 3776K [0x00000000d5580000, 0x00000000d5a80000, 0x0000000100000000)
  eden space 3584K, 100% used [0x00000000d5580000,0x00000000d5900000,0x00000000d5900000)
  from space 512K, 37% used [0x00000000d5a00000,0x00000000d5a30000,0x00000000d5a80000)
  to   space 512K, 0% used [0x00000000d5980000,0x00000000d5980000,0x00000000d5a00000)
 ParOldGen       total 221696K, used 221424K [0x0000000080000000, 0x000000008d880000, 0x00000000d5580000)
  object space 221696K, 99% used [0x0000000080000000,0x000000008d83c3a8,0x000000008d880000)
 Metaspace       used 77335K, committed 79040K, reserved 1179648K
  class space    used 9429K, committed 10240K, reserved 1048576K
}
Event: 168.240 GC heap after
{Heap after GC invocations=1086 (full 3):
 PSYoungGen      total 4096K, used 288K [0x00000000d5580000, 0x00000000d5a80000, 0x0000000100000000)
  eden space 3584K, 0% used [0x00000000d5580000,0x00000000d5580000,0x00000000d5900000)
  from space 512K, 56% used [0x00000000d5980000,0x00000000d59c8048,0x00000000d5a00000)
  to   space 512K, 0% used [0x00000000d5a00000,0x00000000d5a00000,0x00000000d5a80000)
 ParOldGen       total 221696K, used 221464K [0x0000000080000000, 0x000000008d880000, 0x00000000d5580000)
  object space 221696K, 99% used [0x0000000080000000,0x000000008d8463a8,0x000000008d880000)
 Metaspace       used 77335K, committed 79040K, reserved 1179648K
  class space    used 9429K, committed 10240K, reserved 1048576K
}
Event: 168.252 GC heap before
{Heap before GC invocations=1087 (full 3):
 PSYoungGen      total 4096K, used 3872K [0x00000000d5580000, 0x00000000d5a80000, 0x0000000100000000)
  eden space 3584K, 100% used [0x00000000d5580000,0x00000000d5900000,0x00000000d5900000)
  from space 512K, 56% used [0x00000000d5980000,0x00000000d59c8048,0x00000000d5a00000)
  to   space 512K, 0% used [0x00000000d5a00000,0x00000000d5a00000,0x00000000d5a80000)
 ParOldGen       total 221696K, used 221464K [0x0000000080000000, 0x000000008d880000, 0x00000000d5580000)
  object space 221696K, 99% used [0x0000000080000000,0x000000008d8463a8,0x000000008d880000)
 Metaspace       used 77341K, committed 79040K, reserved 1179648K
  class space    used 9429K, committed 10240K, reserved 1048576K
}
Event: 168.254 GC heap after
{Heap after GC invocations=1087 (full 3):
 PSYoungGen      total 4096K, used 224K [0x00000000d5580000, 0x00000000d5a80000, 0x0000000100000000)
  eden space 3584K, 0% used [0x00000000d5580000,0x00000000d5580000,0x00000000d5900000)
  from space 512K, 43% used [0x00000000d5a00000,0x00000000d5a38000,0x00000000d5a80000)
  to   space 512K, 0% used [0x00000000d5980000,0x00000000d5980000,0x00000000d5a00000)
 ParOldGen       total 221696K, used 221512K [0x0000000080000000, 0x000000008d880000, 0x00000000d5580000)
  object space 221696K, 99% used [0x0000000080000000,0x000000008d8523a8,0x000000008d880000)
 Metaspace       used 77341K, committed 79040K, reserved 1179648K
  class space    used 9429K, committed 10240K, reserved 1048576K
}
Event: 168.264 GC heap before
{Heap before GC invocations=1088 (full 3):
 PSYoungGen      total 4096K, used 3808K [0x00000000d5580000, 0x00000000d5a80000, 0x0000000100000000)
  eden space 3584K, 100% used [0x00000000d5580000,0x00000000d5900000,0x00000000d5900000)
  from space 512K, 43% used [0x00000000d5a00000,0x00000000d5a38000,0x00000000d5a80000)
  to   space 512K, 0% used [0x00000000d5980000,0x00000000d5980000,0x00000000d5a00000)
 ParOldGen       total 221696K, used 221512K [0x0000000080000000, 0x000000008d880000, 0x00000000d5580000)
  object space 221696K, 99% used [0x0000000080000000,0x000000008d8523a8,0x000000008d880000)
 Metaspace       used 77341K, committed 79040K, reserved 1179648K
  class space    used 9429K, committed 10240K, reserved 1048576K
}
Event: 168.265 GC heap after
{Heap after GC invocations=1088 (full 3):
 PSYoungGen      total 4096K, used 459K [0x00000000d5580000, 0x00000000d5a80000, 0x0000000100000000)
  eden space 3584K, 0% used [0x00000000d5580000,0x00000000d5580000,0x00000000d5900000)
  from space 512K, 89% used [0x00000000d5980000,0x00000000d59f2e90,0x00000000d5a00000)
  to   space 512K, 0% used [0x00000000d5a00000,0x00000000d5a00000,0x00000000d5a80000)
 ParOldGen       total 221696K, used 221560K [0x0000000080000000, 0x000000008d880000, 0x00000000d5580000)
  object space 221696K, 99% used [0x0000000080000000,0x000000008d85e3a8,0x000000008d880000)
 Metaspace       used 77341K, committed 79040K, reserved 1179648K
  class space    used 9429K, committed 10240K, reserved 1048576K
}
Event: 168.271 GC heap before
{Heap before GC invocations=1089 (full 3):
 PSYoungGen      total 4096K, used 4043K [0x00000000d5580000, 0x00000000d5a80000, 0x0000000100000000)
  eden space 3584K, 100% used [0x00000000d5580000,0x00000000d5900000,0x00000000d5900000)
  from space 512K, 89% used [0x00000000d5980000,0x00000000d59f2e90,0x00000000d5a00000)
  to   space 512K, 0% used [0x00000000d5a00000,0x00000000d5a00000,0x00000000d5a80000)
 ParOldGen       total 221696K, used 221560K [0x0000000080000000, 0x000000008d880000, 0x00000000d5580000)
  object space 221696K, 99% used [0x0000000080000000,0x000000008d85e3a8,0x000000008d880000)
 Metaspace       used 77341K, committed 79040K, reserved 1179648K
  class space    used 9429K, committed 10240K, reserved 1048576K
}
Event: 168.272 GC heap after
{Heap after GC invocations=1089 (full 3):
 PSYoungGen      total 4096K, used 128K [0x00000000d5580000, 0x00000000d5a80000, 0x0000000100000000)
  eden space 3584K, 0% used [0x00000000d5580000,0x00000000d5580000,0x00000000d5900000)
  from space 512K, 25% used [0x00000000d5a00000,0x00000000d5a20000,0x00000000d5a80000)
  to   space 512K, 0% used [0x00000000d5980000,0x00000000d5980000,0x00000000d5a00000)
 ParOldGen       total 222208K, used 221921K [0x0000000080000000, 0x000000008d900000, 0x00000000d5580000)
  object space 222208K, 99% used [0x0000000080000000,0x000000008d8b84b8,0x000000008d900000)
 Metaspace       used 77341K, committed 79040K, reserved 1179648K
  class space    used 9429K, committed 10240K, reserved 1048576K
}
Event: 168.277 GC heap before
{Heap before GC invocations=1090 (full 3):
 PSYoungGen      total 4096K, used 3712K [0x00000000d5580000, 0x00000000d5a80000, 0x0000000100000000)
  eden space 3584K, 100% used [0x00000000d5580000,0x00000000d5900000,0x00000000d5900000)
  from space 512K, 25% used [0x00000000d5a00000,0x00000000d5a20000,0x00000000d5a80000)
  to   space 512K, 0% used [0x00000000d5980000,0x00000000d5980000,0x00000000d5a00000)
 ParOldGen       total 222208K, used 221921K [0x0000000080000000, 0x000000008d900000, 0x00000000d5580000)
  object space 222208K, 99% used [0x0000000080000000,0x000000008d8b84b8,0x000000008d900000)
 Metaspace       used 77341K, committed 79040K, reserved 1179648K
  class space    used 9429K, committed 10240K, reserved 1048576K
}
Event: 168.278 GC heap after
{Heap after GC invocations=1090 (full 3):
 PSYoungGen      total 4096K, used 128K [0x00000000d5580000, 0x00000000d5a80000, 0x0000000100000000)
  eden space 3584K, 0% used [0x00000000d5580000,0x00000000d5580000,0x00000000d5900000)
  from space 512K, 25% used [0x00000000d5980000,0x00000000d59a0000,0x00000000d5a00000)
  to   space 512K, 0% used [0x00000000d5a00000,0x00000000d5a00000,0x00000000d5a80000)
 ParOldGen       total 222208K, used 221990K [0x0000000080000000, 0x000000008d900000, 0x00000000d5580000)
  object space 222208K, 99% used [0x0000000080000000,0x000000008d8c9810,0x000000008d900000)
 Metaspace       used 77341K, committed 79040K, reserved 1179648K
  class space    used 9429K, committed 10240K, reserved 1048576K
}
Event: 168.311 GC heap before
{Heap before GC invocations=1091 (full 3):
 PSYoungGen      total 4096K, used 3712K [0x00000000d5580000, 0x00000000d5a80000, 0x0000000100000000)
  eden space 3584K, 100% used [0x00000000d5580000,0x00000000d5900000,0x00000000d5900000)
  from space 512K, 25% used [0x00000000d5980000,0x00000000d59a0000,0x00000000d5a00000)
  to   space 512K, 0% used [0x00000000d5a00000,0x00000000d5a00000,0x00000000d5a80000)
 ParOldGen       total 222208K, used 221990K [0x0000000080000000, 0x000000008d900000, 0x00000000d5580000)
  object space 222208K, 99% used [0x0000000080000000,0x000000008d8c9810,0x000000008d900000)
 Metaspace       used 77427K, committed 79104K, reserved 1179648K
  class space    used 9440K, committed 10240K, reserved 1048576K
}
Event: 168.313 GC heap after
{Heap after GC invocations=1091 (full 3):
 PSYoungGen      total 4096K, used 192K [0x00000000d5580000, 0x00000000d5a80000, 0x0000000100000000)
  eden space 3584K, 0% used [0x00000000d5580000,0x00000000d5580000,0x00000000d5900000)
  from space 512K, 37% used [0x00000000d5a00000,0x00000000d5a30000,0x00000000d5a80000)
  to   space 512K, 0% used [0x00000000d5980000,0x00000000d5980000,0x00000000d5a00000)
 ParOldGen       total 222208K, used 222062K [0x0000000080000000, 0x000000008d900000, 0x00000000d5580000)
  object space 222208K, 99% used [0x0000000080000000,0x000000008d8db810,0x000000008d900000)
 Metaspace       used 77427K, committed 79104K, reserved 1179648K
  class space    used 9440K, committed 10240K, reserved 1048576K
}
Event: 168.336 GC heap before
{Heap before GC invocations=1092 (full 3):
 PSYoungGen      total 4096K, used 3776K [0x00000000d5580000, 0x00000000d5a80000, 0x0000000100000000)
  eden space 3584K, 100% used [0x00000000d5580000,0x00000000d5900000,0x00000000d5900000)
  from space 512K, 37% used [0x00000000d5a00000,0x00000000d5a30000,0x00000000d5a80000)
  to   space 512K, 0% used [0x00000000d5980000,0x00000000d5980000,0x00000000d5a00000)
 ParOldGen       total 222208K, used 222062K [0x0000000080000000, 0x000000008d900000, 0x00000000d5580000)
  object space 222208K, 99% used [0x0000000080000000,0x000000008d8db810,0x000000008d900000)
 Metaspace       used 77427K, committed 79104K, reserved 1179648K
  class space    used 9440K, committed 10240K, reserved 1048576K
}
Event: 168.338 GC heap after
{Heap after GC invocations=1092 (full 3):
 PSYoungGen      total 4096K, used 253K [0x00000000d5580000, 0x00000000d5a80000, 0x0000000100000000)
  eden space 3584K, 0% used [0x00000000d5580000,0x00000000d5580000,0x00000000d5900000)
  from space 512K, 49% used [0x00000000d5980000,0x00000000d59bf798,0x00000000d5a00000)
  to   space 512K, 0% used [0x00000000d5a00000,0x00000000d5a00000,0x00000000d5a80000)
 ParOldGen       total 222208K, used 222118K [0x0000000080000000, 0x000000008d900000, 0x00000000d5580000)
  object space 222208K, 99% used [0x0000000080000000,0x000000008d8e9810,0x000000008d900000)
 Metaspace       used 77427K, committed 79104K, reserved 1179648K
  class space    used 9440K, committed 10240K, reserved 1048576K
}
Event: 168.355 GC heap before
{Heap before GC invocations=1093 (full 3):
 PSYoungGen      total 4096K, used 3837K [0x00000000d5580000, 0x00000000d5a80000, 0x0000000100000000)
  eden space 3584K, 100% used [0x00000000d5580000,0x00000000d5900000,0x00000000d5900000)
  from space 512K, 49% used [0x00000000d5980000,0x00000000d59bf798,0x00000000d5a00000)
  to   space 512K, 0% used [0x00000000d5a00000,0x00000000d5a00000,0x00000000d5a80000)
 ParOldGen       total 222208K, used 222118K [0x0000000080000000, 0x000000008d900000, 0x00000000d5580000)
  object space 222208K, 99% used [0x0000000080000000,0x000000008d8e9810,0x000000008d900000)
 Metaspace       used 77429K, committed 79104K, reserved 1179648K
  class space    used 9440K, committed 10240K, reserved 1048576K
}
Event: 168.356 GC heap after
{Heap after GC invocations=1093 (full 3):
 PSYoungGen      total 4096K, used 128K [0x00000000d5580000, 0x00000000d5a80000, 0x0000000100000000)
  eden space 3584K, 0% used [0x00000000d5580000,0x00000000d5580000,0x00000000d5900000)
  from space 512K, 25% used [0x00000000d5a00000,0x00000000d5a20000,0x00000000d5a80000)
  to   space 512K, 0% used [0x00000000d5980000,0x00000000d5980000,0x00000000d5a00000)
 ParOldGen       total 222208K, used 222142K [0x0000000080000000, 0x000000008d900000, 0x00000000d5580000)
  object space 222208K, 99% used [0x0000000080000000,0x000000008d8ef810,0x000000008d900000)
 Metaspace       used 77429K, committed 79104K, reserved 1179648K
  class space    used 9440K, committed 10240K, reserved 1048576K
}
Event: 168.433 GC heap before
{Heap before GC invocations=1094 (full 3):
 PSYoungGen      total 4096K, used 3712K [0x00000000d5580000, 0x00000000d5a80000, 0x0000000100000000)
  eden space 3584K, 100% used [0x00000000d5580000,0x00000000d5900000,0x00000000d5900000)
  from space 512K, 25% used [0x00000000d5a00000,0x00000000d5a20000,0x00000000d5a80000)
  to   space 512K, 0% used [0x00000000d5980000,0x00000000d5980000,0x00000000d5a00000)
 ParOldGen       total 222208K, used 222142K [0x0000000080000000, 0x000000008d900000, 0x00000000d5580000)
  object space 222208K, 99% used [0x0000000080000000,0x000000008d8ef810,0x000000008d900000)
 Metaspace       used 77429K, committed 79104K, reserved 1179648K
  class space    used 9440K, committed 10240K, reserved 1048576K
}
Event: 168.434 GC heap after
{Heap after GC invocations=1094 (full 3):
 PSYoungGen      total 4096K, used 218K [0x00000000d5580000, 0x00000000d5a80000, 0x0000000100000000)
  eden space 3584K, 0% used [0x00000000d5580000,0x00000000d5580000,0x00000000d5900000)
  from space 512K, 42% used [0x00000000d5980000,0x00000000d59b6a80,0x00000000d5a00000)
  to   space 512K, 0% used [0x00000000d5a00000,0x00000000d5a00000,0x00000000d5a80000)
 ParOldGen       total 222208K, used 222198K [0x0000000080000000, 0x000000008d900000, 0x00000000d5580000)
  object space 222208K, 99% used [0x0000000080000000,0x000000008d8fd810,0x000000008d900000)
 Metaspace       used 77429K, committed 79104K, reserved 1179648K
  class space    used 9440K, committed 10240K, reserved 1048576K
}
Event: 168.443 GC heap before
{Heap before GC invocations=1095 (full 3):
 PSYoungGen      total 4096K, used 3802K [0x00000000d5580000, 0x00000000d5a80000, 0x0000000100000000)
  eden space 3584K, 100% used [0x00000000d5580000,0x00000000d5900000,0x00000000d5900000)
  from space 512K, 42% used [0x00000000d5980000,0x00000000d59b6a80,0x00000000d5a00000)
  to   space 512K, 0% used [0x00000000d5a00000,0x00000000d5a00000,0x00000000d5a80000)
 ParOldGen       total 222208K, used 222198K [0x0000000080000000, 0x000000008d900000, 0x00000000d5580000)
  object space 222208K, 99% used [0x0000000080000000,0x000000008d8fd810,0x000000008d900000)
 Metaspace       used 77429K, committed 79104K, reserved 1179648K
  class space    used 9440K, committed 10240K, reserved 1048576K
}
Event: 168.444 GC heap after
{Heap after GC invocations=1095 (full 3):
 PSYoungGen      total 4096K, used 289K [0x00000000d5580000, 0x00000000d5a80000, 0x0000000100000000)
  eden space 3584K, 0% used [0x00000000d5580000,0x00000000d5580000,0x00000000d5900000)
  from space 512K, 56% used [0x00000000d5a00000,0x00000000d5a486b0,0x00000000d5a80000)
  to   space 512K, 0% used [0x00000000d5980000,0x00000000d5980000,0x00000000d5a00000)
 ParOldGen       total 222720K, used 222270K [0x0000000080000000, 0x000000008d980000, 0x00000000d5580000)
  object space 222720K, 99% used [0x0000000080000000,0x000000008d90f810,0x000000008d980000)
 Metaspace       used 77429K, committed 79104K, reserved 1179648K
  class space    used 9440K, committed 10240K, reserved 1048576K
}

